0 info it worked if it ends with ok
1 verbose cli [ 'C:\\Program Files\\nodejs\\\\node.exe',
1 verbose cli   'C:\\Program Files\\nodejs\\node_modules\\npm\\bin\\npm-cli.js',
1 verbose cli   'install',
1 verbose cli   'angular-bootstrap' ]
2 info using npm@1.4.14
3 info using node@v0.10.29
4 verbose node symlink C:\Program Files\nodejs\\node.exe
5 verbose cache add [ 'angular-bootstrap', null ]
6 verbose cache add name=undefined spec="angular-bootstrap" args=["angular-bootstrap",null]
7 verbose parsed url { protocol: null,
7 verbose parsed url   slashes: null,
7 verbose parsed url   auth: null,
7 verbose parsed url   host: null,
7 verbose parsed url   port: null,
7 verbose parsed url   hostname: null,
7 verbose parsed url   hash: null,
7 verbose parsed url   search: null,
7 verbose parsed url   query: null,
7 verbose parsed url   pathname: 'angular-bootstrap',
7 verbose parsed url   path: 'angular-bootstrap',
7 verbose parsed url   href: 'angular-bootstrap' }
8 silly lockFile 75c42a0c-angular-bootstrap angular-bootstrap
9 verbose lock angular-bootstrap C:\Users\Stan\AppData\Roaming\npm-cache\75c42a0c-angular-bootstrap.lock
10 silly lockFile 75c42a0c-angular-bootstrap angular-bootstrap
11 silly lockFile 75c42a0c-angular-bootstrap angular-bootstrap
12 verbose addNamed [ 'angular-bootstrap', '' ]
13 verbose addNamed [ null, '*' ]
14 silly lockFile eebb98d0-angular-bootstrap angular-bootstrap@
15 verbose lock angular-bootstrap@ C:\Users\Stan\AppData\Roaming\npm-cache\eebb98d0-angular-bootstrap.lock
16 silly addNameRange { name: 'angular-bootstrap', range: '*', hasData: false }
17 verbose url raw angular-bootstrap
18 verbose url resolving [ 'https://registry.npmjs.org/', './angular-bootstrap' ]
19 verbose url resolved https://registry.npmjs.org/angular-bootstrap
20 info trying registry request attempt 1 at 11:02:27
21 http GET https://registry.npmjs.org/angular-bootstrap
22 http 404 https://registry.npmjs.org/angular-bootstrap
23 silly registry.get cb [ 404,
23 silly registry.get   { date: 'Sat, 03 Jan 2015 09:02:46 GMT',
23 silly registry.get     server: 'CouchDB/1.5.0 (Erlang OTP/R14B04)',
23 silly registry.get     etag: '"75A5CM87ZDKXM40LKQ87286R9"',
23 silly registry.get     'content-type': 'application/json',
23 silly registry.get     'cache-control': 'max-age=0',
23 silly registry.get     'content-length': '715',
23 silly registry.get     'accept-ranges': 'bytes',
23 silly registry.get     via: '1.1 varnish',
23 silly registry.get     age: '0',
23 silly registry.get     'x-served-by': 'cache-fra1222-FRA',
23 silly registry.get     'x-cache': 'MISS',
23 silly registry.get     'x-cache-hits': '0',
23 silly registry.get     'x-timer': 'S1420275766.288444,VS0,VE425',
23 silly registry.get     vary: 'Accept',
23 silly registry.get     'keep-alive': 'timeout=10, max=50',
23 silly registry.get     connection: 'Keep-Alive' } ]
24 silly lockFile eebb98d0-angular-bootstrap angular-bootstrap@
25 silly lockFile eebb98d0-angular-bootstrap angular-bootstrap@
26 error 404 Not Found
26 error 404
26 error 404 'angular-bootstrap' is not in the npm registry.
26 error 404 You should bug the author to publish it
26 error 404
26 error 404 Note that you can also install from a
26 error 404 tarball, folder, or http url, or git url.
27 error System Windows_NT 6.1.7601
28 error command "C:\\Program Files\\nodejs\\\\node.exe" "C:\\Program Files\\nodejs\\node_modules\\npm\\bin\\npm-cli.js" "install" "angular-bootstrap"
29 error cwd E:\GitHub\SPA-with-AngularJS\Ads
30 error node -v v0.10.29
31 error npm -v 1.4.14
32 error code E404
33 verbose exit [ 1, true ]
